<?xml version="1.0" encoding="UTF-8" ?>
<testsuite tests="32" failures="2" name="step_definitions.RunCukesTest" time="6.995" errors="0" skipped="0">
  <properties>
    <property name="java.runtime.name" value="Java(TM) SE Runtime Environment"/>
    <property name="sun.boot.library.path" value="C:\Program Files\Java\jdk1.8.0_311\jre\bin"/>
    <property name="java.vm.version" value="25.311-b11"/>
    <property name="user.country.format" value="ID"/>
    <property name="java.vm.vendor" value="Oracle Corporation"/>
    <property name="maven.multiModuleProjectDirectory" value="E:\Belajar code java\CucumberSauce"/>
    <property name="java.vendor.url" value="http://java.oracle.com/"/>
    <property name="path.separator" value=";"/>
    <property name="guice.disable.misplaced.annotation.check" value="true"/>
    <property name="java.vm.name" value="Java HotSpot(TM) 64-Bit Server VM"/>
    <property name="file.encoding.pkg" value="sun.io"/>
    <property name="user.script" value=""/>
    <property name="user.country" value="US"/>
    <property name="sun.java.launcher" value="SUN_STANDARD"/>
    <property name="sun.os.patch.level" value=""/>
    <property name="java.vm.specification.name" value="Java Virtual Machine Specification"/>
    <property name="user.dir" value="E:\Belajar code java\CucumberSauce"/>
    <property name="java.runtime.version" value="1.8.0_311-b11"/>
    <property name="java.awt.graphicsenv" value="sun.awt.Win32GraphicsEnvironment"/>
    <property name="java.endorsed.dirs" value="C:\Program Files\Java\jdk1.8.0_311\jre\lib\endorsed"/>
    <property name="os.arch" value="amd64"/>
    <property name="java.io.tmpdir" value="C:\Users\TELKOM\AppData\Local\Temp\"/>
    <property name="line.separator" value="
"/>
    <property name="java.vm.specification.vendor" value="Oracle Corporation"/>
    <property name="user.variant" value=""/>
    <property name="os.name" value="Windows 10"/>
    <property name="classworlds.conf" value="C:\Users\TELKOM\zein\apache-maven-3.8.4\bin\m2.conf"/>
    <property name="sun.jnu.encoding" value="Cp1252"/>
    <property name="java.library.path" value="C:\Program Files\Java\jdk1.8.0_311\bin;C:\WINDOWS\Sun\Java\bin;C:\WINDOWS\system32;C:\WINDOWS;C:\Program Files (x86)\Common Files\Oracle\Java\javapath;C:\WINDOWS\system32;C:\WINDOWS;C:\WINDOWS\System32\Wbem;C:\WINDOWS\System32\WindowsPowerShell\v1.0\;C:\WINDOWS\System32\OpenSSH\;C:\Users\TELKOM\zein\apache-maven-3.8.4\bin;C:\Program Files\Java\jdk1.8.0_311\bin\;C:\Users\TELKOM\zein\apache-maven-3.8.4\bin\;C:\Program Files\Git\cmd;C:\Program Files\TortoiseGit\bin;C:\Program Files\nodejs\;C:\Users\TELKOM\.katalon\tools\android_sdk\platform-tools;C:\Python27\Scripts;C:\Python27;C:\Users\TELKOM\AppData\Local\Programs\Microsoft VS Code\bin;C:\Users\TELKOM\AppData\Local\Microsoft\WindowsApps;C:\Program Files\JetBrains\IntelliJ IDEA Community Edition 2021.3.1\bin;;C:\Program Files\Java\jdk1.8.0_311\bin;C:\Users\TELKOM\AppData\Roaming\npm;C:\Program Files\nodejs\;C:\Users\TELKOM\.katalon\tools\android_sdk\platform-tools;C:\Python27;C:\Python27\Scripts;;."/>
    <property name="maven.conf" value="C:\Users\TELKOM\zein\apache-maven-3.8.4/conf"/>
    <property name="java.specification.name" value="Java Platform API Specification"/>
    <property name="java.class.version" value="52.0"/>
    <property name="sun.management.compiler" value="HotSpot 64-Bit Tiered Compilers"/>
    <property name="os.version" value="10.0"/>
    <property name="library.jansi.path" value="C:\Users\TELKOM\zein\apache-maven-3.8.4\lib\jansi-native"/>
    <property name="user.home" value="C:\Users\TELKOM"/>
    <property name="user.timezone" value="Asia/Bangkok"/>
    <property name="java.awt.printerjob" value="sun.awt.windows.WPrinterJob"/>
    <property name="java.specification.version" value="1.8"/>
    <property name="file.encoding" value="Cp1252"/>
    <property name="user.name" value="TELKOM"/>
    <property name="java.class.path" value="C:\Users\TELKOM\zein\apache-maven-3.8.4\boot\plexus-classworlds-2.6.0.jar"/>
    <property name="java.vm.specification.version" value="1.8"/>
    <property name="sun.arch.data.model" value="64"/>
    <property name="java.home" value="C:\Program Files\Java\jdk1.8.0_311\jre"/>
    <property name="sun.java.command" value="org.codehaus.plexus.classworlds.launcher.Launcher test"/>
    <property name="java.specification.vendor" value="Oracle Corporation"/>
    <property name="user.language" value="en"/>
    <property name="user.language.format" value="id"/>
    <property name="awt.toolkit" value="sun.awt.windows.WToolkit"/>
    <property name="java.vm.info" value="mixed mode"/>
    <property name="java.version" value="1.8.0_311"/>
    <property name="java.ext.dirs" value="C:\Program Files\Java\jdk1.8.0_311\jre\lib\ext;C:\WINDOWS\Sun\Java\lib\ext"/>
    <property name="sun.boot.class.path" value="C:\Program Files\Java\jdk1.8.0_311\jre\lib\resources.jar;C:\Program Files\Java\jdk1.8.0_311\jre\lib\rt.jar;C:\Program Files\Java\jdk1.8.0_311\jre\lib\sunrsasign.jar;C:\Program Files\Java\jdk1.8.0_311\jre\lib\jsse.jar;C:\Program Files\Java\jdk1.8.0_311\jre\lib\jce.jar;C:\Program Files\Java\jdk1.8.0_311\jre\lib\charsets.jar;C:\Program Files\Java\jdk1.8.0_311\jre\lib\jfr.jar;C:\Program Files\Java\jdk1.8.0_311\jre\classes"/>
    <property name="sun.stderr.encoding" value="cp850"/>
    <property name="java.vendor" value="Oracle Corporation"/>
    <property name="maven.home" value="C:\Users\TELKOM\zein\apache-maven-3.8.4"/>
    <property name="file.separator" value="\"/>
    <property name="java.vendor.url.bug" value="http://bugreport.sun.com/bugreport/"/>
    <property name="sun.cpu.endian" value="little"/>
    <property name="sun.io.unicode.encoding" value="UnicodeLittle"/>
    <property name="sun.stdout.encoding" value="cp850"/>
    <property name="sun.desktop" value="windows"/>
    <property name="sun.cpu.isalist" value="amd64"/>
  </properties>
  <testcase classname="Scenario: Normal Login" name="Given user open the web page" time="0.009"/>
  <testcase classname="Scenario: Normal Login" name="When User input &quot;standard_user&quot; as username and &quot;secret_sauce&quot; as password" time="0"/>
  <testcase classname="Scenario: Normal Login" name="Then user see dashboard" time="0"/>
  <testcase classname="Scenario: Normal Login" name="Scenario: Normal Login" time="1.294"/>
  <testcase classname="| asd | password | Epic sadface: Username and password do not match any user in this service |" name="Given user open the web page" time="0"/>
  <testcase classname="| asd | password | Epic sadface: Username and password do not match any user in this service |" name="When User input &quot;asd&quot; as username and &quot;password&quot; as password" time="0"/>
  <testcase classname="| asd | password | Epic sadface: Username and password do not match any user in this service |" name="Then User see error &quot;Epic sadface: Username and password do not match any user in this service&quot; on login page" time="0"/>
  <testcase classname="| asd | password | Epic sadface: Username and password do not match any user in this service |" name="| asd | password | Epic sadface: Username and password do not match any user in this service |" time="1.203"/>
  <testcase classname="| standard_user |  | Epic sadface: Password is required |" name="Given user open the web page" time="0"/>
  <testcase classname="| standard_user |  | Epic sadface: Password is required |" name="When User input &quot;standard_user&quot; as username and &quot;&quot; as password" time="0"/>
  <testcase classname="| standard_user |  | Epic sadface: Password is required |" name="Then User see error &quot;Epic sadface: Password is required&quot; on login page" time="0"/>
  <testcase classname="| standard_user |  | Epic sadface: Password is required |" name="| standard_user |  | Epic sadface: Password is required |" time="0.965"/>
  <testcase classname="|  | password | Epic sadface: Username is requir |" name="Given user open the web page" time="0"/>
  <testcase classname="|  | password | Epic sadface: Username is requir |" name="When User input &quot;&quot; as username and &quot;password&quot; as password" time="0"/>
  <testcase classname="|  | password | Epic sadface: Username is requir |" name="Then User see error &quot;Epic sadface: Username is requir&quot; on login page" time="0.005">
    <failure message="expected:&lt;...: Username is requir[]&gt; but was:&lt;...: Username is requir[ed]&gt;" type="org.junit.ComparisonFailure">org.junit.ComparisonFailure: expected:&lt;...: Username is requir[]&gt; but was:&lt;...: Username is requir[ed]&gt;
	at org.junit.Assert.assertEquals(Assert.java:115)
	at org.junit.Assert.assertEquals(Assert.java:144)
	at step_definitions.LoginSteps.verifyErorMassage(LoginSteps.java:47)
	at ✽.Then User see error &quot;Epic sadface: Username is requir&quot; on login page(features/HomePage.feature:13)
</failure>
  </testcase>
  <testcase classname="|  | password | Epic sadface: Username is requir |" name="|  | password | Epic sadface: Username is requir |" time="0.006">
    <failure message="expected:&lt;...: Username is requir[]&gt; but was:&lt;...: Username is requir[ed]&gt;" type="org.junit.ComparisonFailure">org.junit.ComparisonFailure: expected:&lt;...: Username is requir[]&gt; but was:&lt;...: Username is requir[ed]&gt;
	at org.junit.Assert.assertEquals(Assert.java:115)
	at org.junit.Assert.assertEquals(Assert.java:144)
	at step_definitions.LoginSteps.verifyErorMassage(LoginSteps.java:47)
	at ✽.Then User see error &quot;Epic sadface: Username is requir&quot; on login page(features/HomePage.feature:13)
</failure>
  </testcase>
  <testcase classname="Scenario: Normal Login" name="Given user open the web page" time="0"/>
  <testcase classname="Scenario: Normal Login" name="When User input &quot;standard_user&quot; as username and &quot;secret_sauce&quot; as password" time="0"/>
  <testcase classname="Scenario: Normal Login" name="Then user see dashboard" time="0"/>
  <testcase classname="Scenario: Normal Login" name="Scenario: Normal Login" time="0.838"/>
  <testcase classname="| asd | password | Epic sadface: Username and password do not match any user in this service |" name="Given user open the web page" time="0"/>
  <testcase classname="| asd | password | Epic sadface: Username and password do not match any user in this service |" name="When User input &quot;asd&quot; as username and &quot;password&quot; as password" time="0"/>
  <testcase classname="| asd | password | Epic sadface: Username and password do not match any user in this service |" name="Then User see error &quot;Epic sadface: Username and password do not match any user in this service&quot; on login page" time="0"/>
  <testcase classname="| asd | password | Epic sadface: Username and password do not match any user in this service |" name="| asd | password | Epic sadface: Username and password do not match any user in this service |" time="0.834"/>
  <testcase classname="| standard_user |  | Epic sadface: Password is required |" name="Given user open the web page" time="0"/>
  <testcase classname="| standard_user |  | Epic sadface: Password is required |" name="When User input &quot;standard_user&quot; as username and &quot;&quot; as password" time="0"/>
  <testcase classname="| standard_user |  | Epic sadface: Password is required |" name="Then User see error &quot;Epic sadface: Password is required&quot; on login page" time="0"/>
  <testcase classname="| standard_user |  | Epic sadface: Password is required |" name="| standard_user |  | Epic sadface: Password is required |" time="0.858"/>
  <testcase classname="|  | password | Epic sadface: Username is required |" name="Given user open the web page" time="0"/>
  <testcase classname="|  | password | Epic sadface: Username is required |" name="When User input &quot;&quot; as username and &quot;password&quot; as password" time="0"/>
  <testcase classname="|  | password | Epic sadface: Username is required |" name="Then User see error &quot;Epic sadface: Username is required&quot; on login page" time="0"/>
  <testcase classname="|  | password | Epic sadface: Username is required |" name="|  | password | Epic sadface: Username is required |" time="0.983"/>
</testsuite>